JVM info: Microsoft - 21.0.5 - 21.0.5+11-LTS
java.net.preferIPv4Stack=true
Found java version 21.0.5
Installing server to current directory
MESSAGE: Data kindly mirrored by Forge at https://forums.minecraftforge.net/
MESSAGE: Considering minecraft server jar
MESSAGE: Downloading minecraft server version 1.7.10
MESSAGE:   Downloading library from https://launcher.mojang.com/v1/objects/952438ac4e01b4d115c5fc38f891710c4941df29/server.jar
MESSAGE:     Download completed: Checksum validated.
MESSAGE: Considering library net.minecraftforge:forge:1.7.10-10.13.4.1614-1.7.10: Not Downloading {Wrong Side}
MESSAGE: Considering library net.minecraft:launchwrapper:1.12
MESSAGE: Downloading library net.minecraft:launchwrapper:1.12
MESSAGE: Trying unpacked library net.minecraft:launchwrapper:1.12
MESSAGE: Considering library org.ow2.asm:asm-all:5.0.3
MESSAGE: Downloading library org.ow2.asm:asm-all:5.0.3
MESSAGE: Trying unpacked library org.ow2.asm:asm-all:5.0.3
MESSAGE: Considering library com.typesafe.akka:akka-actor_2.11:2.3.3
MESSAGE: Downloading library com.typesafe.akka:akka-actor_2.11:2.3.3
MESSAGE: Trying unpacked library com.typesafe.akka:akka-actor_2.11:2.3.3
MESSAGE: Considering library com.typesafe:config:1.2.1
MESSAGE: Downloading library com.typesafe:config:1.2.1
MESSAGE: Trying unpacked library com.typesafe:config:1.2.1
MESSAGE: Considering library org.scala-lang:scala-actors-migration_2.11:1.1.0
MESSAGE: Downloading library org.scala-lang:scala-actors-migration_2.11:1.1.0
MESSAGE: Trying unpacked library org.scala-lang:scala-actors-migration_2.11:1.1.0
MESSAGE: Considering library org.scala-lang:scala-compiler:2.11.1
MESSAGE: Downloading library org.scala-lang:scala-compiler:2.11.1
MESSAGE: Trying unpacked library org.scala-lang:scala-compiler:2.11.1
MESSAGE: Considering library org.scala-lang.plugins:scala-continuations-library_2.11:1.0.2
MESSAGE: Downloading library org.scala-lang.plugins:scala-continuations-library_2.11:1.0.2
MESSAGE: Trying unpacked library org.scala-lang.plugins:scala-continuations-library_2.11:1.0.2
MESSAGE: Considering library org.scala-lang.plugins:scala-continuations-plugin_2.11.1:1.0.2
MESSAGE: Downloading library org.scala-lang.plugins:scala-continuations-plugin_2.11.1:1.0.2
MESSAGE: Trying unpacked library org.scala-lang.plugins:scala-continuations-plugin_2.11.1:1.0.2
MESSAGE: Considering library org.scala-lang:scala-library:2.11.1
MESSAGE: Downloading library org.scala-lang:scala-library:2.11.1
MESSAGE: Trying unpacked library org.scala-lang:scala-library:2.11.1
MESSAGE: Considering library org.scala-lang:scala-parser-combinators_2.11:1.0.1
MESSAGE: Downloading library org.scala-lang:scala-parser-combinators_2.11:1.0.1
MESSAGE: Trying unpacked library org.scala-lang:scala-parser-combinators_2.11:1.0.1
MESSAGE: Considering library org.scala-lang:scala-reflect:2.11.1
MESSAGE: Downloading library org.scala-lang:scala-reflect:2.11.1
MESSAGE: Trying unpacked library org.scala-lang:scala-reflect:2.11.1
MESSAGE: Considering library org.scala-lang:scala-swing_2.11:1.0.1
MESSAGE: Downloading library org.scala-lang:scala-swing_2.11:1.0.1
MESSAGE: Trying unpacked library org.scala-lang:scala-swing_2.11:1.0.1
MESSAGE: Considering library org.scala-lang:scala-xml_2.11:1.0.2
MESSAGE: Downloading library org.scala-lang:scala-xml_2.11:1.0.2
MESSAGE: Trying unpacked library org.scala-lang:scala-xml_2.11:1.0.2
MESSAGE: Considering library lzma:lzma:0.0.1
MESSAGE: Downloading library lzma:lzma:0.0.1
MESSAGE: Trying unpacked library lzma:lzma:0.0.1
MESSAGE: Considering library net.sf.jopt-simple:jopt-simple:4.5
MESSAGE: Downloading library net.sf.jopt-simple:jopt-simple:4.5
MESSAGE: Trying unpacked library net.sf.jopt-simple:jopt-simple:4.5
MESSAGE: Considering library com.google.guava:guava:17.0
MESSAGE: Downloading library com.google.guava:guava:17.0
MESSAGE: Trying unpacked library com.google.guava:guava:17.0
MESSAGE: Considering library org.apache.commons:commons-lang3:3.3.2
MESSAGE: Downloading library org.apache.commons:commons-lang3:3.3.2
MESSAGE: Trying unpacked library org.apache.commons:commons-lang3:3.3.2
Extracting: /forge-1.7.10-10.13.4.1614-1.7.10-universal.jar
To:          /workspaces/yuca/servidor_minecraft/./forge-1.7.10-10.13.4.1614-1.7.10-universal.jar
The server installed successfully, you should now be able to run the file forge-1.7.10-10.13.4.1614-1.7.10-universal.jar
You can delete this installer file now if you wish
