[00:38:59] [Server thread/INFO]: Starting minecraft server version 1.7.10
[00:39:02] [Server thread/ERROR]: Encountered an unexpected exception
cpw.mods.fml.common.LoaderException: java.lang.NoClassDefFoundError: Llumien/resourceloader/loader/NormalResourceLoader;

	at cpw.mods.fml.common.LoadController.transition(LoadController.java:163) ~[LoadController.class:?]
	at cpw.mods.fml.common.Loader.loadMods(Loader.java:544) ~[Loader.class:?]
	at cpw.mods.fml.server.FMLServerHandler.beginServerLoading(FMLServerHandler.java:87) ~[FMLServerHandler.class:?]
	at cpw.mods.fml.common.FMLCommonHandler.onServerStart(FMLCommonHandler.java:314) ~[FMLCommonHandler.class:?]
	at net.minecraft.server.dedicated.DedicatedServer.func_71197_b(DedicatedServer.java:117) ~[lt.class:?]
	at net.minecraft.server.MinecraftServer.run(MinecraftServer.java:387) [MinecraftServer.class:?]
	at net.minecraft.server.MinecraftServer$2.run(MinecraftServer.java:685) [li.class:?]
Caused by: java.lang.NoClassDefFoundError: Llumien/resourceloader/loader/NormalResourceLoader;
	at java.lang.Class.getDeclaredFields0(Native Method) ~[?:1.8.0_442]
	at java.lang.Class.privateGetDeclaredFields(Class.java:2583) ~[?:1.8.0_442]
	at java.lang.Class.getDeclaredField(Class.java:2068) ~[?:1.8.0_442]
	at cpw.mods.fml.common.FMLModContainer.parseSimpleFieldAnnotation(FMLModContainer.java:404) ~[FMLModContainer.class:?]
	at cpw.mods.fml.common.FMLModContainer.processFieldAnnotations(FMLModContainer.java:358) ~[FMLModContainer.class:?]
	at cpw.mods.fml.common.FMLModContainer.constructMod(FMLModContainer.java:513) ~[FMLModContainer.class:?]
	at sun.reflect.GeneratedMethodAccessor4.invoke(Unknown Source) ~[?:?]
	at sun.reflect.DelegatingMethodAccessorImpl.invoke(DelegatingMethodAccessorImpl.java:43) ~[?:1.8.0_442]
	at java.lang.reflect.Method.invoke(Method.java:498) ~[?:1.8.0_442]
	at com.google.common.eventbus.EventSubscriber.handleEvent(EventSubscriber.java:74) ~[guava-17.0.jar:?]
	at com.google.common.eventbus.SynchronizedEventSubscriber.handleEvent(SynchronizedEventSubscriber.java:47) ~[guava-17.0.jar:?]
	at com.google.common.eventbus.EventBus.dispatch(EventBus.java:322) ~[guava-17.0.jar:?]
	at com.google.common.eventbus.EventBus.dispatchQueuedEvents(EventBus.java:304) ~[guava-17.0.jar:?]
	at com.google.common.eventbus.EventBus.post(EventBus.java:275) ~[guava-17.0.jar:?]
	at cpw.mods.fml.common.LoadController.sendEventToModContainer(LoadController.java:212) ~[LoadController.class:?]
	at cpw.mods.fml.common.LoadController.propogateStateMessage(LoadController.java:190) ~[LoadController.class:?]
	at sun.reflect.NativeMethodAccessorImpl.invoke0(Native Method) ~[?:1.8.0_442]
	at sun.reflect.NativeMethodAccessorImpl.invoke(NativeMethodAccessorImpl.java:62) ~[?:1.8.0_442]
	at sun.reflect.DelegatingMethodAccessorImpl.invoke(DelegatingMethodAccessorImpl.java:43) ~[?:1.8.0_442]
	at java.lang.reflect.Method.invoke(Method.java:498) ~[?:1.8.0_442]
	at com.google.common.eventbus.EventSubscriber.handleEvent(EventSubscriber.java:74) ~[guava-17.0.jar:?]
	at com.google.common.eventbus.SynchronizedEventSubscriber.handleEvent(SynchronizedEventSubscriber.java:47) ~[guava-17.0.jar:?]
	at com.google.common.eventbus.EventBus.dispatch(EventBus.java:322) ~[guava-17.0.jar:?]
	at com.google.common.eventbus.EventBus.dispatchQueuedEvents(EventBus.java:304) ~[guava-17.0.jar:?]
	at com.google.common.eventbus.EventBus.post(EventBus.java:275) ~[guava-17.0.jar:?]
	at cpw.mods.fml.common.LoadController.distributeStateMessage(LoadController.java:119) ~[LoadController.class:?]
	at cpw.mods.fml.common.Loader.loadMods(Loader.java:513) ~[Loader.class:?]
	... 5 more
Caused by: java.lang.ClassNotFoundException: lumien.resourceloader.loader.NormalResourceLoader
	at net.minecraft.launchwrapper.LaunchClassLoader.findClass(LaunchClassLoader.java:191) ~[launchwrapper-1.12.jar:?]
	at java.lang.ClassLoader.loadClass(ClassLoader.java:418) ~[?:1.8.0_442]
	at java.lang.ClassLoader.loadClass(ClassLoader.java:351) ~[?:1.8.0_442]
	at java.lang.Class.getDeclaredFields0(Native Method) ~[?:1.8.0_442]
	at java.lang.Class.privateGetDeclaredFields(Class.java:2583) ~[?:1.8.0_442]
	at java.lang.Class.getDeclaredField(Class.java:2068) ~[?:1.8.0_442]
	at cpw.mods.fml.common.FMLModContainer.parseSimpleFieldAnnotation(FMLModContainer.java:404) ~[FMLModContainer.class:?]
	at cpw.mods.fml.common.FMLModContainer.processFieldAnnotations(FMLModContainer.java:358) ~[FMLModContainer.class:?]
	at cpw.mods.fml.common.FMLModContainer.constructMod(FMLModContainer.java:513) ~[FMLModContainer.class:?]
	at sun.reflect.GeneratedMethodAccessor4.invoke(Unknown Source) ~[?:?]
	at sun.reflect.DelegatingMethodAccessorImpl.invoke(DelegatingMethodAccessorImpl.java:43) ~[?:1.8.0_442]
	at java.lang.reflect.Method.invoke(Method.java:498) ~[?:1.8.0_442]
	at com.google.common.eventbus.EventSubscriber.handleEvent(EventSubscriber.java:74) ~[guava-17.0.jar:?]
	at com.google.common.eventbus.SynchronizedEventSubscriber.handleEvent(SynchronizedEventSubscriber.java:47) ~[guava-17.0.jar:?]
	at com.google.common.eventbus.EventBus.dispatch(EventBus.java:322) ~[guava-17.0.jar:?]
	at com.google.common.eventbus.EventBus.dispatchQueuedEvents(EventBus.java:304) ~[guava-17.0.jar:?]
	at com.google.common.eventbus.EventBus.post(EventBus.java:275) ~[guava-17.0.jar:?]
	at cpw.mods.fml.common.LoadController.sendEventToModContainer(LoadController.java:212) ~[LoadController.class:?]
	at cpw.mods.fml.common.LoadController.propogateStateMessage(LoadController.java:190) ~[LoadController.class:?]
	at sun.reflect.NativeMethodAccessorImpl.invoke0(Native Method) ~[?:1.8.0_442]
	at sun.reflect.NativeMethodAccessorImpl.invoke(NativeMethodAccessorImpl.java:62) ~[?:1.8.0_442]
	at sun.reflect.DelegatingMethodAccessorImpl.invoke(DelegatingMethodAccessorImpl.java:43) ~[?:1.8.0_442]
	at java.lang.reflect.Method.invoke(Method.java:498) ~[?:1.8.0_442]
	at com.google.common.eventbus.EventSubscriber.handleEvent(EventSubscriber.java:74) ~[guava-17.0.jar:?]
	at com.google.common.eventbus.SynchronizedEventSubscriber.handleEvent(SynchronizedEventSubscriber.java:47) ~[guava-17.0.jar:?]
	at com.google.common.eventbus.EventBus.dispatch(EventBus.java:322) ~[guava-17.0.jar:?]
	at com.google.common.eventbus.EventBus.dispatchQueuedEvents(EventBus.java:304) ~[guava-17.0.jar:?]
	at com.google.common.eventbus.EventBus.post(EventBus.java:275) ~[guava-17.0.jar:?]
	at cpw.mods.fml.common.LoadController.distributeStateMessage(LoadController.java:119) ~[LoadController.class:?]
	at cpw.mods.fml.common.Loader.loadMods(Loader.java:513) ~[Loader.class:?]
	... 5 more
Caused by: java.lang.NoClassDefFoundError: net/minecraft/client/resources/IResourcePack
	at java.lang.ClassLoader.defineClass1(Native Method) ~[?:1.8.0_442]
	at java.lang.ClassLoader.defineClass(ClassLoader.java:756) ~[?:1.8.0_442]
	at java.security.SecureClassLoader.defineClass(SecureClassLoader.java:142) ~[?:1.8.0_442]
	at net.minecraft.launchwrapper.LaunchClassLoader.findClass(LaunchClassLoader.java:182) ~[launchwrapper-1.12.jar:?]
	at java.lang.ClassLoader.loadClass(ClassLoader.java:418) ~[?:1.8.0_442]
	at java.lang.ClassLoader.loadClass(ClassLoader.java:351) ~[?:1.8.0_442]
	at java.lang.Class.getDeclaredFields0(Native Method) ~[?:1.8.0_442]
	at java.lang.Class.privateGetDeclaredFields(Class.java:2583) ~[?:1.8.0_442]
	at java.lang.Class.getDeclaredField(Class.java:2068) ~[?:1.8.0_442]
	at cpw.mods.fml.common.FMLModContainer.parseSimpleFieldAnnotation(FMLModContainer.java:404) ~[FMLModContainer.class:?]
	at cpw.mods.fml.common.FMLModContainer.processFieldAnnotations(FMLModContainer.java:358) ~[FMLModContainer.class:?]
	at cpw.mods.fml.common.FMLModContainer.constructMod(FMLModContainer.java:513) ~[FMLModContainer.class:?]
	at sun.reflect.GeneratedMethodAccessor4.invoke(Unknown Source) ~[?:?]
	at sun.reflect.DelegatingMethodAccessorImpl.invoke(DelegatingMethodAccessorImpl.java:43) ~[?:1.8.0_442]
	at java.lang.reflect.Method.invoke(Method.java:498) ~[?:1.8.0_442]
	at com.google.common.eventbus.EventSubscriber.handleEvent(EventSubscriber.java:74) ~[guava-17.0.jar:?]
	at com.google.common.eventbus.SynchronizedEventSubscriber.handleEvent(SynchronizedEventSubscriber.java:47) ~[guava-17.0.jar:?]
	at com.google.common.eventbus.EventBus.dispatch(EventBus.java:322) ~[guava-17.0.jar:?]
	at com.google.common.eventbus.EventBus.dispatchQueuedEvents(EventBus.java:304) ~[guava-17.0.jar:?]
	at com.google.common.eventbus.EventBus.post(EventBus.java:275) ~[guava-17.0.jar:?]
	at cpw.mods.fml.common.LoadController.sendEventToModContainer(LoadController.java:212) ~[LoadController.class:?]
	at cpw.mods.fml.common.LoadController.propogateStateMessage(LoadController.java:190) ~[LoadController.class:?]
	at sun.reflect.NativeMethodAccessorImpl.invoke0(Native Method) ~[?:1.8.0_442]
	at sun.reflect.NativeMethodAccessorImpl.invoke(NativeMethodAccessorImpl.java:62) ~[?:1.8.0_442]
	at sun.reflect.DelegatingMethodAccessorImpl.invoke(DelegatingMethodAccessorImpl.java:43) ~[?:1.8.0_442]
	at java.lang.reflect.Method.invoke(Method.java:498) ~[?:1.8.0_442]
	at com.google.common.eventbus.EventSubscriber.handleEvent(EventSubscriber.java:74) ~[guava-17.0.jar:?]
	at com.google.common.eventbus.SynchronizedEventSubscriber.handleEvent(SynchronizedEventSubscriber.java:47) ~[guava-17.0.jar:?]
	at com.google.common.eventbus.EventBus.dispatch(EventBus.java:322) ~[guava-17.0.jar:?]
	at com.google.common.eventbus.EventBus.dispatchQueuedEvents(EventBus.java:304) ~[guava-17.0.jar:?]
	at com.google.common.eventbus.EventBus.post(EventBus.java:275) ~[guava-17.0.jar:?]
	at cpw.mods.fml.common.LoadController.distributeStateMessage(LoadController.java:119) ~[LoadController.class:?]
	at cpw.mods.fml.common.Loader.loadMods(Loader.java:513) ~[Loader.class:?]
	... 5 more
Caused by: java.lang.ClassNotFoundException: net.minecraft.client.resources.IResourcePack
	at net.minecraft.launchwrapper.LaunchClassLoader.findClass(LaunchClassLoader.java:191) ~[launchwrapper-1.12.jar:?]
	at java.lang.ClassLoader.loadClass(ClassLoader.java:418) ~[?:1.8.0_442]
	at java.lang.ClassLoader.loadClass(ClassLoader.java:351) ~[?:1.8.0_442]
	at java.lang.ClassLoader.defineClass1(Native Method) ~[?:1.8.0_442]
	at java.lang.ClassLoader.defineClass(ClassLoader.java:756) ~[?:1.8.0_442]
	at java.security.SecureClassLoader.defineClass(SecureClassLoader.java:142) ~[?:1.8.0_442]
	at net.minecraft.launchwrapper.LaunchClassLoader.findClass(LaunchClassLoader.java:182) ~[launchwrapper-1.12.jar:?]
	at java.lang.ClassLoader.loadClass(ClassLoader.java:418) ~[?:1.8.0_442]
	at java.lang.ClassLoader.loadClass(ClassLoader.java:351) ~[?:1.8.0_442]
	at java.lang.Class.getDeclaredFields0(Native Method) ~[?:1.8.0_442]
	at java.lang.Class.privateGetDeclaredFields(Class.java:2583) ~[?:1.8.0_442]
	at java.lang.Class.getDeclaredField(Class.java:2068) ~[?:1.8.0_442]
	at cpw.mods.fml.common.FMLModContainer.parseSimpleFieldAnnotation(FMLModContainer.java:404) ~[FMLModContainer.class:?]
	at cpw.mods.fml.common.FMLModContainer.processFieldAnnotations(FMLModContainer.java:358) ~[FMLModContainer.class:?]
	at cpw.mods.fml.common.FMLModContainer.constructMod(FMLModContainer.java:513) ~[FMLModContainer.class:?]
	at sun.reflect.GeneratedMethodAccessor4.invoke(Unknown Source) ~[?:?]
	at sun.reflect.DelegatingMethodAccessorImpl.invoke(DelegatingMethodAccessorImpl.java:43) ~[?:1.8.0_442]
	at java.lang.reflect.Method.invoke(Method.java:498) ~[?:1.8.0_442]
	at com.google.common.eventbus.EventSubscriber.handleEvent(EventSubscriber.java:74) ~[guava-17.0.jar:?]
	at com.google.common.eventbus.SynchronizedEventSubscriber.handleEvent(SynchronizedEventSubscriber.java:47) ~[guava-17.0.jar:?]
	at com.google.common.eventbus.EventBus.dispatch(EventBus.java:322) ~[guava-17.0.jar:?]
	at com.google.common.eventbus.EventBus.dispatchQueuedEvents(EventBus.java:304) ~[guava-17.0.jar:?]
	at com.google.common.eventbus.EventBus.post(EventBus.java:275) ~[guava-17.0.jar:?]
	at cpw.mods.fml.common.LoadController.sendEventToModContainer(LoadController.java:212) ~[LoadController.class:?]
	at cpw.mods.fml.common.LoadController.propogateStateMessage(LoadController.java:190) ~[LoadController.class:?]
	at sun.reflect.NativeMethodAccessorImpl.invoke0(Native Method) ~[?:1.8.0_442]
	at sun.reflect.NativeMethodAccessorImpl.invoke(NativeMethodAccessorImpl.java:62) ~[?:1.8.0_442]
	at sun.reflect.DelegatingMethodAccessorImpl.invoke(DelegatingMethodAccessorImpl.java:43) ~[?:1.8.0_442]
	at java.lang.reflect.Method.invoke(Method.java:498) ~[?:1.8.0_442]
	at com.google.common.eventbus.EventSubscriber.handleEvent(EventSubscriber.java:74) ~[guava-17.0.jar:?]
	at com.google.common.eventbus.SynchronizedEventSubscriber.handleEvent(SynchronizedEventSubscriber.java:47) ~[guava-17.0.jar:?]
	at com.google.common.eventbus.EventBus.dispatch(EventBus.java:322) ~[guava-17.0.jar:?]
	at com.google.common.eventbus.EventBus.dispatchQueuedEvents(EventBus.java:304) ~[guava-17.0.jar:?]
	at com.google.common.eventbus.EventBus.post(EventBus.java:275) ~[guava-17.0.jar:?]
	at cpw.mods.fml.common.LoadController.distributeStateMessage(LoadController.java:119) ~[LoadController.class:?]
	at cpw.mods.fml.common.Loader.loadMods(Loader.java:513) ~[Loader.class:?]
	... 5 more
Caused by: java.lang.NullPointerException
	at net.minecraft.launchwrapper.LaunchClassLoader.findClass(LaunchClassLoader.java:182) ~[launchwrapper-1.12.jar:?]
	at java.lang.ClassLoader.loadClass(ClassLoader.java:418) ~[?:1.8.0_442]
	at java.lang.ClassLoader.loadClass(ClassLoader.java:351) ~[?:1.8.0_442]
	at java.lang.ClassLoader.defineClass1(Native Method) ~[?:1.8.0_442]
	at java.lang.ClassLoader.defineClass(ClassLoader.java:756) ~[?:1.8.0_442]
	at java.security.SecureClassLoader.defineClass(SecureClassLoader.java:142) ~[?:1.8.0_442]
	at net.minecraft.launchwrapper.LaunchClassLoader.findClass(LaunchClassLoader.java:182) ~[launchwrapper-1.12.jar:?]
	at java.lang.ClassLoader.loadClass(ClassLoader.java:418) ~[?:1.8.0_442]
	at java.lang.ClassLoader.loadClass(ClassLoader.java:351) ~[?:1.8.0_442]
	at java.lang.Class.getDeclaredFields0(Native Method) ~[?:1.8.0_442]
	at java.lang.Class.privateGetDeclaredFields(Class.java:2583) ~[?:1.8.0_442]
	at java.lang.Class.getDeclaredField(Class.java:2068) ~[?:1.8.0_442]
	at cpw.mods.fml.common.FMLModContainer.parseSimpleFieldAnnotation(FMLModContainer.java:404) ~[FMLModContainer.class:?]
	at cpw.mods.fml.common.FMLModContainer.processFieldAnnotations(FMLModContainer.java:358) ~[FMLModContainer.class:?]
	at cpw.mods.fml.common.FMLModContainer.constructMod(FMLModContainer.java:513) ~[FMLModContainer.class:?]
	at sun.reflect.GeneratedMethodAccessor4.invoke(Unknown Source) ~[?:?]
	at sun.reflect.DelegatingMethodAccessorImpl.invoke(DelegatingMethodAccessorImpl.java:43) ~[?:1.8.0_442]
	at java.lang.reflect.Method.invoke(Method.java:498) ~[?:1.8.0_442]
	at com.google.common.eventbus.EventSubscriber.handleEvent(EventSubscriber.java:74) ~[guava-17.0.jar:?]
	at com.google.common.eventbus.SynchronizedEventSubscriber.handleEvent(SynchronizedEventSubscriber.java:47) ~[guava-17.0.jar:?]
	at com.google.common.eventbus.EventBus.dispatch(EventBus.java:322) ~[guava-17.0.jar:?]
	at com.google.common.eventbus.EventBus.dispatchQueuedEvents(EventBus.java:304) ~[guava-17.0.jar:?]
	at com.google.common.eventbus.EventBus.post(EventBus.java:275) ~[guava-17.0.jar:?]
	at cpw.mods.fml.common.LoadController.sendEventToModContainer(LoadController.java:212) ~[LoadController.class:?]
	at cpw.mods.fml.common.LoadController.propogateStateMessage(LoadController.java:190) ~[LoadController.class:?]
	at sun.reflect.NativeMethodAccessorImpl.invoke0(Native Method) ~[?:1.8.0_442]
	at sun.reflect.NativeMethodAccessorImpl.invoke(NativeMethodAccessorImpl.java:62) ~[?:1.8.0_442]
	at sun.reflect.DelegatingMethodAccessorImpl.invoke(DelegatingMethodAccessorImpl.java:43) ~[?:1.8.0_442]
	at java.lang.reflect.Method.invoke(Method.java:498) ~[?:1.8.0_442]
	at com.google.common.eventbus.EventSubscriber.handleEvent(EventSubscriber.java:74) ~[guava-17.0.jar:?]
	at com.google.common.eventbus.SynchronizedEventSubscriber.handleEvent(SynchronizedEventSubscriber.java:47) ~[guava-17.0.jar:?]
	at com.google.common.eventbus.EventBus.dispatch(EventBus.java:322) ~[guava-17.0.jar:?]
	at com.google.common.eventbus.EventBus.dispatchQueuedEvents(EventBus.java:304) ~[guava-17.0.jar:?]
	at com.google.common.eventbus.EventBus.post(EventBus.java:275) ~[guava-17.0.jar:?]
	at cpw.mods.fml.common.LoadController.distributeStateMessage(LoadController.java:119) ~[LoadController.class:?]
	at cpw.mods.fml.common.Loader.loadMods(Loader.java:513) ~[Loader.class:?]
	... 5 more
[00:39:02] [Server thread/ERROR]: This crash report has been saved to: /workspaces/yuca/servidor_minecraft/./crash-reports/crash-2025-03-13_00.39.02-server.txt
